<?xml version="1.0" encoding="UTF-8"?>
<testsuite xmlns:xsi="http://www.w3.org/2001/XMLSchema-instance" xsi:noNamespaceSchemaLocation="https://maven.apache.org/surefire/maven-surefire-plugin/xsd/surefire-test-report.xsd" name="implementation.SudokuGameImpTest" time="0.608" tests="8" errors="0" skipped="0" failures="0">
  <properties>
[...]
</properties>
  <testcase name="testLeaveSudoku" classname="implementation.SudokuGameImpTest" time="0.049"/>
  <testcase name="testSearchGame" classname="implementation.SudokuGameImpTest" time="0.022"/>
  <testcase name="testJoin" classname="implementation.SudokuGameImpTest" time="0.054"/>
  <testcase name="testPlaceNumber" classname="implementation.SudokuGameImpTest" time="0.09"/>
  <testcase name="testLeaveNetwork" classname="implementation.SudokuGameImpTest" time="0.017"/>
  <testcase name="testGenerateNewSudoku" classname="implementation.SudokuGameImpTest" time="0.049"/>
  <testcase name="testSyncGameList" classname="implementation.SudokuGameImpTest" time="0.01"/>
  <testcase name="testAddToPlayerList" classname="implementation.SudokuGameImpTest" time="0.008"/>
</testsuite>